<?xml version="1.0" encoding="UTF-8"?>
<!-- Generated by org.testng.reporters.JUnitReportReporter -->
<testsuite hostname="DESKTOP-5QTIPD6" failures="0" tests="1" name="automation.gico.EbayTestCase" time="46.587" errors="0" timestamp="2022-07-14T01:49:24 BDT" skipped="0">
  <testcase classname="automation.gico.EbayTestCase" name="testCase1" time="46.587"/>
  <system-out/>
</testsuite> <!-- automation.gico.EbayTestCase -->
